Client/app/build/outputs/mapping/release/seeds.txt
com.skyline.kattaclientapp.ACRAClass
com.skyline.kattaclientapp.ACRAClass: ACRAClass()
com.skyline.kattaclientapp.AboutDevelopers
com.skyline.kattaclientapp.AboutDevelopers: AboutDevelopers()
com.skyline.kattaclientapp.AboutUs
com.skyline.kattaclientapp.AboutUs: AboutUs()
com.skyline.kattaclientapp.Account
com.skyline.kattaclientapp.Account: Account()
com.skyline.kattaclientapp.Account: void onClickConfirm(android.view.View)
com.skyline.kattaclientapp.App_intro
com.skyline.kattaclientapp.App_intro: App_intro()
com.skyline.kattaclientapp.BaseActivity: BaseActivity()
com.skyline.kattaclientapp.BaseActivity: void onWebLinkClick(android.view.View)
com.skyline.kattaclientapp.CustomViewPager
com.skyline.kattaclientapp.CustomViewPager: CustomViewPager(android.content.Context,android.util.AttributeSet)
com.skyline.kattaclientapp.Feedback
com.skyline.kattaclientapp.Feedback: Feedback()
com.skyline.kattaclientapp.Flashscreen
com.skyline.kattaclientapp.Flashscreen: Flashscreen()
com.skyline.kattaclientapp.Help
com.skyline.kattaclientapp.Help: Help()
com.skyline.kattaclientapp.Login
com.skyline.kattaclientapp.Login: Login()
com.skyline.kattaclientapp.MainActivity
com.skyline.kattaclientapp.MainActivity: MainActivity()
com.skyline.kattaclientapp.MyFirebaseInstanceIDService
com.skyline.kattaclientapp.MyFirebaseInstanceIDService: MyFirebaseInstanceIDService()
com.skyline.kattaclientapp.MyFirebaseMessagingService
com.skyline.kattaclientapp.MyFirebaseMessagingService: MyFirebaseMessagingService()
com.skyline.kattaclientapp.News
com.skyline.kattaclientapp.News: News()
com.skyline.kattaclientapp.OrderDetailsViewActivity
com.skyline.kattaclientapp.OrderDetailsViewActivity: OrderDetailsViewActivity()
com.skyline.kattaclientapp.OrderPlaceActivity
com.skyline.kattaclientapp.OrderPlaceActivity: OrderPlaceActivity()
com.skyline.kattaclientapp.OrderPlaceActivity: void OnPlaceOrderClick(android.view.View)
com.skyline.kattaclientapp.OrderPlaceActivity: void clearFocus(android.view.View)
com.skyline.kattaclientapp.OrderViewActivity
com.skyline.kattaclientapp.OrderViewActivity: OrderViewActivity()
com.skyline.kattaclientapp.Payment
com.skyline.kattaclientapp.Payment: Payment()
com.skyline.kattaclientapp.QuantityBox
com.skyline.kattaclientapp.QuantityBox: QuantityBox(android.content.Context)
com.skyline.kattaclientapp.QuantityBox: QuantityBox(android.content.Context,android.util.AttributeSet)
com.skyline.kattaclientapp.QuantityBox: int getQuantity()
com.skyline.kattaclientapp.QuantityBox: void setQuantity(int)
com.skyline.kattaclientapp.R$anim: int abc_fade_in
com.skyline.kattaclientapp.R$anim: int abc_fade_out
com.skyline.kattaclientapp.R$anim: int abc_grow_fade_in_from_bottom
com.skyline.kattaclientapp.R$anim: int abc_popup_enter
com.skyline.kattaclientapp.R$anim: int abc_popup_exit
com.skyline.kattaclientapp.R$anim: int abc_shrink_fade_out_from_bottom
com.skyline.kattaclientapp.R$anim: int abc_slide_in_bottom
com.skyline.kattaclientapp.R$anim: int abc_slide_in_top
com.skyline.kattaclientapp.R$anim: int abc_slide_out_bottom
com.skyline.kattaclientapp.R$anim: int abc_slide_out_top
com.skyline.kattaclientapp.R$anim: int design_appbar_state_list_animator
com.skyline.kattaclientapp.R$anim: int design_bottom_sheet_slide_in
com.skyline.kattaclientapp.R$anim: int design_bottom_sheet_slide_out
com.skyline.kattaclientapp.R$anim: int design_fab_in
com.skyline.kattaclientapp.R$anim: int design_fab_out
com.skyline.kattaclientapp.R$anim: int design_snackbar_in
com.skyline.kattaclientapp.R$anim: int design_snackbar_out
com.skyline.kattaclientapp.R$animator: int indicator_animator
com.skyline.kattaclientapp.R$animator: int indicator_animator_reverse
com.skyline.kattaclientapp.R$animator: int indicator_no_animator
com.skyline.kattaclientapp.R$animator: int scale_with_alpha
com.skyline.kattaclientapp.R$array: int block_array
com.skyline.kattaclientapp.R$array: int branch_array
com.skyline.kattaclientapp.R$array: int year_array
...
com.google.gson.stream.JsonToken: com.google.gson.stream.JsonToken[] values()
com.google.gson.stream.JsonToken: com.google.gson.stream.JsonToken valueOf(java.lang.String)
com.miguelcatalan.materialsearchview.MaterialSearchView
com.miguelcatalan.materialsearchview.MaterialSearchView: MaterialSearchView(android.content.Context)
com.miguelcatalan.materialsearchview.MaterialSearchView: MaterialSearchView(android.content.Context,android.util.AttributeSet)
com.miguelcatalan.materialsearchview.MaterialSearchView: MaterialSearchView(android.content.Context,android.util.AttributeSet,int)
com.miguelcatalan.materialsearchview.MaterialSearchView: void setBackground(android.graphics.drawable.Drawable)
com.miguelcatalan.materialsearchview.MaterialSearchView: void setBackgroundColor(int)
com.miguelcatalan.materialsearchview.MaterialSearchView: void setTextColor(int)
com.miguelcatalan.materialsearchview.MaterialSearchView: void setHintTextColor(int)
com.miguelcatalan.materialsearchview.MaterialSearchView: void setHint(java.lang.CharSequence)
com.miguelcatalan.materialsearchview.MaterialSearchView: void setVoiceIcon(android.graphics.drawable.Drawable)
com.miguelcatalan.materialsearchview.MaterialSearchView: void setCloseIcon(android.graphics.drawable.Drawable)
com.miguelcatalan.materialsearchview.MaterialSearchView: void setBackIcon(android.graphics.drawable.Drawable)
com.miguelcatalan.materialsearchview.MaterialSearchView: void setSuggestionIcon(android.graphics.drawable.Drawable)
com.miguelcatalan.materialsearchview.MaterialSearchView: void setSuggestionBackground(android.graphics.drawable.Drawable)
com.miguelcatalan.materialsearchview.MaterialSearchView$SavedState
com.miguelcatalan.materialsearchview.MaterialSearchView$SavedState: android.os.Parcelable$Creator CREATOR
com.miguelcatalan.materialsearchview.R$anim: int abc_fade_in
com.miguelcatalan.materialsearchview.R$anim: int abc_fade_out
com.miguelcatalan.materialsearchview.R$anim: int abc_grow_fade_in_from_bottom
com.miguelcatalan.materialsearchview.R$anim: int abc_popup_enter
com.miguelcatalan.materialsearchview.R$anim: int abc_popup_exit
com.miguelcatalan.materialsearchview.R$anim: int abc_shrink_fade_out_from_bottom
com.miguelcatalan.materialsearchview.R$anim: int abc_slide_in_bottom
com.miguelcatalan.materialsearchview.R$anim: int abc_slide_in_top
com.miguelcatalan.materialsearchview.R$anim: int abc_slide_out_bottom
com.miguelcatalan.materialsearchview.R$anim: int abc_slide_out_top
com.miguelcatalan.materialsearchview.R$anim: int design_fab_in
com.miguelcatalan.materialsearchview.R$anim: int design_fab_out
com.miguelcatalan.materialsearchview.R$anim: int design_snackbar_in
com.miguelcatalan.materialsearchview.R$anim: int design_snackbar_out