Client/app/build/outputs/mapping/release/mapping.txt
com.skyline.kattaclientapp.ACRAClass -> com.skyline.kattaclientapp.ACRAClass:
    26:26:void <init>() -> <init>
    29:32:void attachBaseContext(android.content.Context) -> attachBaseContext
com.skyline.kattaclientapp.AboutDevelopers -> com.skyline.kattaclientapp.AboutDevelopers:
    9:9:void <init>() -> <init>
    13:37:void onCreate(android.os.Bundle) -> onCreate
com.skyline.kattaclientapp.AboutDevelopers$1 -> com.skyline.kattaclientapp.a:
    com.skyline.kattaclientapp.AboutDevelopers this$0 -> a
    21:21:void <init>(com.skyline.kattaclientapp.AboutDevelopers) -> <init>
    24:30:void onProgressChanged(android.webkit.WebView,int) -> onProgressChanged
com.skyline.kattaclientapp.AboutDevelopers$CustomWebViewClient -> com.skyline.kattaclientapp.b:
    com.skyline.kattaclientapp.AboutDevelopers this$0 -> a
    39:39:void <init>(com.skyline.kattaclientapp.AboutDevelopers) -> <init>
    42:43:boolean shouldOverrideUrlLoading(android.webkit.WebView,java.lang.String) -> shouldOverrideUrlLoading
    39:39:void <init>(com.skyline.kattaclientapp.AboutDevelopers,com.skyline.kattaclientapp.AboutDevelopers$1) -> <init>
com.skyline.kattaclientapp.AboutUs -> com.skyline.kattaclientapp.AboutUs:
    5:5:void <init>() -> <init>
    9:12:void onCreate(android.os.Bundle) -> onCreate
com.skyline.kattaclientapp.Account -> com.skyline.kattaclientapp.Account:
    android.content.SharedPreferences sharedPreferences -> t
    java.util.HashMap old_credential -> u
    java.util.HashMap credentials -> v
    java.lang.String room -> w
    java.lang.String block -> x
    java.lang.String branch -> y
    java.lang.String mobile -> z
    java.lang.String year -> A
    java.lang.Boolean validity -> B
    25:30:void <init>() -> <init>
    34:167:void onCreate(android.os.Bundle) -> onCreate
    170:185:void onClickConfirm(android.view.View) -> onClickConfirm
    188:192:void verify_room() -> n
    195:199:void verify_mobile() -> o
    202:220:void handleResult(com.google.gson.JsonObject,java.lang.String) -> a
    223:245:void subscribetopics(java.util.HashMap,boolean) -> a
    25:25:java.lang.String access$002(com.skyline.kattaclientapp.Account,java.lang.String) -> a
    25:25:java.lang.String access$102(com.skyline.kattaclientapp.Account,java.lang.String) -> b
    25:25:java.lang.String access$202(com.skyline.kattaclientapp.Account,java.lang.String) -> c
    25:25:java.lang.String access$302(com.skyline.kattaclientapp.Account,java.lang.String) -> d
    25:25:java.lang.String access$402(com.skyline.kattaclientapp.Account,java.lang.String) -> e
com.skyline.kattaclientapp.Account$1 -> com.skyline.kattaclientapp.c:
    com.skyline.kattaclientapp.Account this$0 -> a
    67:67:void <init>(com.skyline.kattaclientapp.Account) -> <init>
    71:71:void beforeTextChanged(java.lang.CharSequence,int,int,int) -> beforeTextChanged
    76:76:void onTextChanged(java.lang.CharSequence,int,int,int) -> onTextChanged
    80:81:void afterTextChanged(android.text.Editable) -> afterTextChanged
com.skyline.kattaclientapp.Account$2 -> com.skyline.kattaclientapp.d:
    android.widget.EditText val$editText_mobile -> a
    com.skyline.kattaclientapp.Account this$0 -> b
    83:83:void <init>(com.skyline.kattaclientapp.Account,android.widget.EditText) -> <init>
    86:87:void onClick(android.view.View) -> onClick
com.skyline.kattaclientapp.Account$3 -> com.skyline.kattaclientapp.e:
    com.skyline.kattaclientapp.Account this$0 -> a
    89:89:void <init>(com.skyline.kattaclientapp.Account) -> <init>
    93:93:void beforeTextChanged(java.lang.CharSequence,int,int,int) -> beforeTextChanged
    98:98:void onTextChanged(java.lang.CharSequence,int,int,int) -> onTextChanged
    102:103:void afterTextChanged(android.text.Editable) -> afterTextChanged
...
android.support.v4.view.accessibility.AccessibilityNodeInfoCompat$AccessibilityNodeInfoJellybeanMr2Impl -> android.support.v4.view.a.r:
    1912:1912:void <init>() -> <init>
    1917:1917:java.lang.String getViewIdResourceName(java.lang.Object) -> t
android.support.v4.view.accessibility.AccessibilityNodeInfoCompat$AccessibilityNodeInfoKitKatImpl -> android.support.v4.view.a.s:
    1962:1962:void <init>() -> <init>
    1980:1981:void setCollectionInfo(java.lang.Object,java.lang.Object) -> b
    1986:1986:java.lang.Object obtainCollectionInfo(int,int,boolean,int) -> a
    1999:2000:java.lang.Object obtainCollectionItemInfo(int,int,int,int,boolean,boolean) -> a
    2067:2068:void setCollectionItemInfo(java.lang.Object,java.lang.Object) -> c
    2077:2078:void setContentInvalid(java.lang.Object,boolean) -> l
android.support.v4.view.accessibility.AccessibilityNodeInfoCompat$AccessibilityNodeInfoStubImpl -> android.support.v4.view.a.t:
    873:873:void <init>() -> <init>
    876:876:java.lang.Object newAccessibilityAction(int,java.lang.CharSequence) -> a
    896:896:java.lang.Object obtain(java.lang.Object) -> a
    902:902:void addAction(java.lang.Object,int) -> a
    911:911:boolean removeAction(java.lang.Object,java.lang.Object) -> a
    927:927:void addChild(java.lang.Object,android.view.View) -> a
    951:951:int getActions(java.lang.Object) -> b
    957:957:void getBoundsInParent(java.lang.Object,android.graphics.Rect) -> a
    962:962:void getBoundsInScreen(java.lang.Object,android.graphics.Rect) -> b
    976:976:java.lang.CharSequence getClassName(java.lang.Object) -> c
    981:981:java.lang.CharSequence getContentDescription(java.lang.Object) -> d
    986:986:java.lang.CharSequence getPackageName(java.lang.Object) -> e
    996:996:java.lang.CharSequence getText(java.lang.Object) -> f
    1006:1006:boolean isCheckable(java.lang.Object) -> g
    1011:1011:boolean isChecked(java.lang.Object) -> h
    1016:1016:boolean isClickable(java.lang.Object) -> i
    1021:1021:boolean isEnabled(java.lang.Object) -> j
    1026:1026:boolean isFocusable(java.lang.Object) -> k
    1031:1031:boolean isFocused(java.lang.Object) -> l
    1036:1036:boolean isVisibleToUser(java.lang.Object) -> r
    1041:1041:boolean isAccessibilityFocused(java.lang.Object) -> s
android.support.v4.view.accessibility.AccessibilityNodeInfoCompat$CollectionInfoCompat -> android.support.v4.view.a.u:
    java.lang.Object mInfo -> a
    480:480:android.support.v4.view.accessibility.AccessibilityNodeInfoCompat$CollectionInfoCompat obtain(int,int,boolean,int) -> a
    499:501:void <init>(java.lang.Object) -> <init>
android.support.v4.view.accessibility.AccessibilityNodeInfoCompat$CollectionItemInfoCompat -> android.support.v4.view.a.v:
    java.lang.Object mInfo -> a
    572:572:android.support.v4.view.accessibility.AccessibilityNodeInfoCompat$CollectionItemInfoCompat obtain(int,int,int,int,boolean,boolean) -> a
    592:594:void <init>(java.lang.Object) -> <init>
    555:555:java.lang.Object access$300(android.support.v4.view.accessibility.AccessibilityNodeInfoCompat$CollectionItemInfoCompat) -> a
android.support.v4.view.accessibility.AccessibilityNodeInfoCompatApi21 -> android.support.v4.view.a.w:
    39:39:boolean removeAction(java.lang.Object,java.lang.Object) -> a
    44:44:java.lang.Object obtainCollectionInfo(int,int,boolean,int) -> a
    50:50:java.lang.Object obtainCollectionItemInfo(int,int,int,int,boolean,boolean) -> a
    59:60:void setError(java.lang.Object,java.lang.CharSequence) -> a
    95:95:java.lang.Object newAccessibilityAction(int,java.lang.CharSequence) -> a