Client/app/build/outputs/mapping/release/usage.txt
com.skyline.kattaclientapp.BaseActivity:
    225:225:protected boolean isNavDrawerOpen()
com.skyline.kattaclientapp.BuildConfig
com.skyline.kattaclientapp.ColorFragment:
    private static final java.lang.String ARG_COLOR
    private static final java.lang.String ARG_INT
com.skyline.kattaclientapp.HttpJsonPost:
    44:45:public void setProgressinfo(java.lang.String)
com.skyline.kattaclientapp.Login:
    private static final int REQUEST_READ_CONTACTS
com.skyline.kattaclientapp.Login$ProfileQuery:
    public static final int ADDRESS
    public static final int IS_PRIMARY
com.skyline.kattaclientapp.Manifest
com.skyline.kattaclientapp.Manifest$permission
com.skyline.kattaclientapp.MenuFragment:
    63:68:public static void resetMenu(android.content.Context)
com.skyline.kattaclientapp.MenuListAdapter:
    192:192:public com.skyline.kattaclientapp.RowListHandler getOrder()
com.skyline.kattaclientapp.MyFirebaseInstanceIDService:
    private static final java.lang.String TAG
com.skyline.kattaclientapp.MyFirebaseMessagingService:
    private static final java.lang.String TAG
com.skyline.kattaclientapp.Notification:
    int id
    22:22:public int getId()
    26:27:public void setId(int)
    50:51:public void setAction(java.lang.String)
com.skyline.kattaclientapp.NotificationDatabaseHelper:
    private static final java.lang.String DATABASE_NAME
    private static final int DATABASE_VERSION
    private static final java.lang.String TABLE_NOTIFICATIONS
    private static final java.lang.String KEY_NOTIFICATION_ID
    private static final java.lang.String KEY_NOTIFICATION_TITLE
    private static final java.lang.String KEY_NOTIFICATION_TEXT
    private static final java.lang.String KEY_NOTIFICATION_ACTION
    private static final java.lang.String KEY_NOTIFICATION_TIMESTAMP
    private static final java.lang.String TAG
    124:135:public void removeNotification(com.skyline.kattaclientapp.Notification)
com.skyline.kattaclientapp.OrderListHandler:
    22:22:public com.skyline.kattaclientapp.OrderObject getOrderObject(int)
    26:27:public void setuserName(int,java.lang.String)
    30:31:public void setStatus(int,int)
    38:39:public void setTimestamp(int,java.lang.String)
    47:47:public java.lang.String getuserName(int)
    51:52:public void setTotal(int,int)
    59:60:public void setOrderId(int,int)
    67:68:public void setphoneNo(int,java.lang.String)
    71:71:public java.lang.String getphoneNo(int)
    75:76:public void setDelivery(int,java.lang.String)
    87:88:public void setPayment(int,java.lang.String)
    95:96:public void setItemName(int,int,java.lang.String)
    103:104:public void setItemQuantity(int,int,int)
    111:112:public void setItemTotal(int,int,int)
    127:128:public void additem(int,com.skyline.kattaclientapp.OrderItem)
com.skyline.kattaclientapp.OrderObject:
    private java.lang.String userName
    19:19:public java.lang.String getUserName()
    23:24:public void setUserName(java.lang.String)
com.skyline.kattaclientapp.Payment$1:
    97:101:public void onTransactionSuccess(android.os.Bundle)
    111:114:public void onTransactionFailure(java.lang.String,android.os.Bundle)
com.skyline.kattaclientapp.R
com.skyline.kattaclientapp.R$anim
com.skyline.kattaclientapp.R$animator
com.skyline.kattaclientapp.R$array
com.skyline.kattaclientapp.R$attr
com.skyline.kattaclientapp.R$bool
com.skyline.kattaclientapp.R$color
com.skyline.kattaclientapp.R$dimen
com.skyline.kattaclientapp.R$drawable
com.skyline.kattaclientapp.R$id
com.skyline.kattaclientapp.R$integer
com.skyline.kattaclientapp.R$layout
com.skyline.kattaclientapp.R$menu
com.skyline.kattaclientapp.R$mipmap
com.skyline.kattaclientapp.R$string
com.skyline.kattaclientapp.R$style
com.skyline.kattaclientapp.R$styleable
com.skyline.kattaclientapp.RowListHandler:
    51:52:public void setName(int,java.lang.String)
    55:56:public void setPrice(int,java.lang.String)
...
com.google.android.gms.common.zzd:
    private static com.google.android.gms.common.internal.zzv rg
    private static java.util.Set ri
    private static java.util.Set rj
    private static boolean zzanh()
    private static java.util.Set zza(android.os.IBinder[])
    static synchronized java.util.Set zzani()
    static synchronized java.util.Set zzanj()
com.google.android.gms.common.zze:
    public static final java.lang.String GOOGLE_PLAY_SERVICES_PACKAGE
    public static final java.lang.String GOOGLE_PLAY_STORE_PACKAGE
    zze()
    public static java.lang.String getErrorString(int)
    public static void zzbb(android.content.Context)
    public static boolean zzb(android.content.Context,int,java.lang.String)
    public static android.content.Intent zzfd(int)
    public static android.app.PendingIntent getErrorPendingIntent(int,android.content.Context,int)
    public static java.lang.String getOpenSourceSoftwareLicenseInfo(android.content.Context)
    public static boolean zzd(android.content.Context,int)
com.google.android.gms.common.zzf:
    public boolean zzb(android.content.pm.PackageManager,java.lang.String)
    public boolean zza(android.content.pm.PackageManager,android.content.pm.PackageInfo)
    private boolean zzb(android.content.pm.PackageInfo,boolean)
com.google.android.gms.dynamic.LifecycleDelegate
com.google.android.gms.dynamic.zza
com.google.android.gms.dynamic.zza$1
com.google.android.gms.dynamic.zza$2
com.google.android.gms.dynamic.zza$3
com.google.android.gms.dynamic.zza$4
com.google.android.gms.dynamic.zza$5
com.google.android.gms.dynamic.zza$6
com.google.android.gms.dynamic.zza$7
com.google.android.gms.dynamic.zza$zza
com.google.android.gms.dynamic.zzb
com.google.android.gms.dynamic.zzc
com.google.android.gms.dynamic.zzc$zza
com.google.android.gms.dynamic.zzc$zza$zza
com.google.android.gms.dynamic.zzf
com.google.android.gms.dynamic.zzh
com.google.android.gms.internal.zzadu
com.google.android.gms.internal.zzadu$zza
com.google.android.gms.internal.zzaf
com.google.android.gms.internal.zzag
com.google.android.gms.internal.zzah
com.google.android.gms.internal.zzah$zza
com.google.android.gms.internal.zzah$zzb
com.google.android.gms.internal.zzah$zzc
com.google.android.gms.internal.zzah$zzd
com.google.android.gms.internal.zzah$zze
com.google.android.gms.internal.zzah$zzf
com.google.android.gms.internal.zzah$zzg
com.google.android.gms.internal.zzah$zzh
com.google.android.gms.internal.zzah$zzi
com.google.android.gms.internal.zzah$zzj
com.google.android.gms.internal.zzai
com.google.android.gms.internal.zzai$zza
com.google.android.gms.internal.zzalp:
    public com.google.firebase.FirebaseOptions zzta(java.lang.String)
com.google.android.gms.internal.zzalq
com.google.android.gms.internal.zzalr
com.google.android.gms.internal.zzamk
com.google.android.gms.internal.zzaml
com.google.android.gms.internal.zzamm
com.google.android.gms.internal.zzamn
com.google.android.gms.internal.zzamn$1
com.google.android.gms.internal.zzamn$2
com.google.android.gms.internal.zzamn$3
com.google.android.gms.internal.zzamn$4
com.google.android.gms.internal.zzamn$5
com.google.android.gms.internal.zzamo
com.google.android.gms.internal.zzamp
com.google.android.gms.internal.zzamp$1
com.google.android.gms.internal.zzamp$2
com.google.android.gms.internal.zzamp$3
com.google.android.gms.internal.zzamp$4
com.google.android.gms.internal.zzamp$5
com.google.android.gms.internal.zzamp$zza
com.google.android.gms.internal.zzamq
com.google.android.gms.internal.zzamr
com.google.android.gms.internal.zzams
com.google.android.gms.internal.zzamt
com.google.android.gms.internal.zzamu
com.google.android.gms.internal.zzamv
com.google.android.gms.internal.zzamw
com.google.android.gms.internal.zzamx
com.google.android.gms.internal.zzamy
com.google.android.gms.internal.zzamz
com.google.android.gms.internal.zzana
com.google.android.gms.internal.zzanb
com.google.android.gms.internal.zzanc
com.google.android.gms.internal.zzand
com.google.android.gms.internal.zzane